{"C:\\Users\\Admin\\Desktop\\proj\\promptwar-devengers\\server\\controllers\\chatController.js": {"path":"C:\\Users\\Admin\\Desktop\\proj\\promptwar-devengers\\server\\controllers\\chatController.js","statementMap":{"0":{"start":{"line":1,"column":13},"end":{"line":1,"column":38}},"1":{"start":{"line":2,"column":50},"end":{"line":2,"column":86}},"2":{"start":{"line":7,"column":24},"end":{"line":34,"column":1}},"3":{"start":{"line":8,"column":31},"end":{"line":8,"column":39}},"4":{"start":{"line":9,"column":17},"end":{"line":9,"column":29}},"5":{"start":{"line":11,"column":2},"end":{"line":13,"column":3}},"6":{"start":{"line":12,"column":4},"end":{"line":12,"column":67}},"7":{"start":{"line":15,"column":27},"end":{"line":15,"column":73}},"8":{"start":{"line":17,"column":2},"end":{"line":33,"column":3}},"9":{"start":{"line":18,"column":19},"end":{"line":18,"column":66}},"10":{"start":{"line":20,"column":17},"end":{"line":27,"column":6}},"11":{"start":{"line":29,"column":4},"end":{"line":29,"column":31}},"12":{"start":{"line":31,"column":4},"end":{"line":31,"column":59}},"13":{"start":{"line":32,"column":4},"end":{"line":32,"column":71}},"14":{"start":{"line":39,"column":23},"end":{"line":47,"column":1}},"15":{"start":{"line":40,"column":2},"end":{"line":46,"column":3}},"16":{"start":{"line":41,"column":18},"end":{"line":41,"column":93}},"17":{"start":{"line":42,"column":4},"end":{"line":42,"column":20}},"18":{"start":{"line":44,"column":4},"end":{"line":44,"column":56}},"19":{"start":{"line":45,"column":4},"end":{"line":45,"column":71}},"20":{"start":{"line":52,"column":28},"end":{"line":67,"column":1}},"21":{"start":{"line":53,"column":32},"end":{"line":53,"column":40}},"22":{"start":{"line":54,"column":27},"end":{"line":54,"column":73}},"23":{"start":{"line":56,"column":2},"end":{"line":58,"column":3}},"24":{"start":{"line":57,"column":4},"end":{"line":57,"column":73}},"25":{"start":{"line":60,"column":2},"end":{"line":66,"column":3}},"26":{"start":{"line":61,"column":22},"end":{"line":61,"column":75}},"27":{"start":{"line":62,"column":4},"end":{"line":62,"column":24}},"28":{"start":{"line":64,"column":4},"end":{"line":64,"column":64}},"29":{"start":{"line":65,"column":4},"end":{"line":65,"column":68}},"30":{"start":{"line":72,"column":19},"end":{"line":84,"column":1}},"31":{"start":{"line":73,"column":2},"end":{"line":83,"column":3}},"32":{"start":{"line":74,"column":17},"end":{"line":74,"column":81}},"33":{"start":{"line":75,"column":4},"end":{"line":77,"column":5}},"34":{"start":{"line":76,"column":6},"end":{"line":76,"column":65}},"35":{"start":{"line":78,"column":4},"end":{"line":78,"column":27}},"36":{"start":{"line":79,"column":4},"end":{"line":79,"column":42}},"37":{"start":{"line":81,"column":4},"end":{"line":81,"column":55}},"38":{"start":{"line":82,"column":4},"end":{"line":82,"column":61}},"39":{"start":{"line":86,"column":0},"end":{"line":91,"column":2}}},"fnMap":{"0":{"name":"(anonymous_0)","decl":{"start":{"line":7,"column":24},"end":{"line":7,"column":25}},"loc":{"start":{"line":7,"column":44},"end":{"line":34,"column":1}},"line":7},"1":{"name":"(anonymous_1)","decl":{"start":{"line":39,"column":23},"end":{"line":39,"column":24}},"loc":{"start":{"line":39,"column":43},"end":{"line":47,"column":1}},"line":39},"2":{"name":"(anonymous_2)","decl":{"start":{"line":52,"column":28},"end":{"line":52,"column":29}},"loc":{"start":{"line":52,"column":48},"end":{"line":67,"column":1}},"line":52},"3":{"name":"(anonymous_3)","decl":{"start":{"line":72,"column":19},"end":{"line":72,"column":20}},"loc":{"start":{"line":72,"column":39},"end":{"line":84,"column":1}},"line":72}},"branchMap":{"0":{"loc":{"start":{"line":11,"column":2},"end":{"line":13,"column":3}},"type":"if","locations":[{"start":{"line":11,"column":2},"end":{"line":13,"column":3}},{"start":{},"end":{}}],"line":11},"1":{"loc":{"start":{"line":15,"column":27},"end":{"line":15,"column":73}},"type":"binary-expr","locations":[{"start":{"line":15,"column":27},"end":{"line":15,"column":35}},{"start":{"line":15,"column":39},"end":{"line":15,"column":65}},{"start":{"line":15,"column":69},"end":{"line":15,"column":73}}],"line":15},"2":{"loc":{"start":{"line":54,"column":27},"end":{"line":54,"column":73}},"type":"binary-expr","locations":[{"start":{"line":54,"column":27},"end":{"line":54,"column":35}},{"start":{"line":54,"column":39},"end":{"line":54,"column":65}},{"start":{"line":54,"column":69},"end":{"line":54,"column":73}}],"line":54},"3":{"loc":{"start":{"line":56,"column":2},"end":{"line":58,"column":3}},"type":"if","locations":[{"start":{"line":56,"column":2},"end":{"line":58,"column":3}},{"start":{},"end":{}}],"line":56},"4":{"loc":{"start":{"line":75,"column":4},"end":{"line":77,"column":5}},"type":"if","locations":[{"start":{"line":75,"column":4},"end":{"line":77,"column":5}},{"start":{},"end":{}}],"line":75}},"s":{"0":1,"1":1,"2":1,"3":3,"4":3,"5":3,"6":1,"7":2,"8":2,"9":2,"10":1,"11":1,"12":1,"13":1,"14":1,"15":0,"16":0,"17":0,"18":0,"19":0,"20":1,"21":2,"22":2,"23":2,"24":1,"25":1,"26":1,"27":1,"28":0,"29":0,"30":1,"31":0,"32":0,"33":0,"34":0,"35":0,"36":0,"37":0,"38":0,"39":1},"f":{"0":3,"1":0,"2":2,"3":0},"b":{"0":[1,2],"1":[2,2,0],"2":[2,2,0],"3":[1,1],"4":[0,0]},"_coverageSchema":"1a1c01bbd47fc00a2c39e90264f33305004495a9","hash":"1474ffa2bdaa0e76dca7fe124789f55478fe5675"}
,"C:\\Users\\Admin\\Desktop\\proj\\promptwar-devengers\\server\\controllers\\complaintController.js": {"path":"C:\\Users\\Admin\\Desktop\\proj\\promptwar-devengers\\server\\controllers\\complaintController.js","statementMap":{"0":{"start":{"line":1,"column":18},"end":{"line":1,"column":48}},"1":{"start":{"line":2,"column":32},"end":{"line":2,"column":68}},"2":{"start":{"line":3,"column":19},"end":{"line":3,"column":50}},"3":{"start":{"line":6,"column":27},"end":{"line":20,"column":1}},"4":{"start":{"line":7,"column":2},"end":{"line":19,"column":5}},"5":{"start":{"line":8,"column":25},"end":{"line":17,"column":5}},"6":{"start":{"line":11,"column":8},"end":{"line":14,"column":9}},"7":{"start":{"line":12,"column":10},"end":{"line":12,"column":59}},"8":{"start":{"line":13,"column":10},"end":{"line":13,"column":31}},"9":{"start":{"line":15,"column":8},"end":{"line":15,"column":35}},"10":{"start":{"line":18,"column":4},"end":{"line":18,"column":33}},"11":{"start":{"line":25,"column":24},"end":{"line":58,"column":1}},"12":{"start":{"line":26,"column":46},"end":{"line":26,"column":54}},"13":{"start":{"line":27,"column":17},"end":{"line":27,"column":29}},"14":{"start":{"line":29,"column":2},"end":{"line":31,"column":3}},"15":{"start":{"line":30,"column":4},"end":{"line":30,"column":96}},"16":{"start":{"line":33,"column":2},"end":{"line":57,"column":3}},"17":{"start":{"line":34,"column":19},"end":{"line":34,"column":21}},"18":{"start":{"line":35,"column":4},"end":{"line":37,"column":5}},"19":{"start":{"line":36,"column":6},"end":{"line":36,"column":59}},"20":{"start":{"line":40,"column":20},"end":{"line":40,"column":86}},"21":{"start":{"line":42,"column":22},"end":{"line":51,"column":6}},"22":{"start":{"line":53,"column":4},"end":{"line":53,"column":36}},"23":{"start":{"line":55,"column":4},"end":{"line":55,"column":60}},"24":{"start":{"line":56,"column":4},"end":{"line":56,"column":66}},"25":{"start":{"line":63,"column":22},"end":{"line":71,"column":1}},"26":{"start":{"line":64,"column":2},"end":{"line":70,"column":3}},"27":{"start":{"line":65,"column":23},"end":{"line":65,"column":93}},"28":{"start":{"line":66,"column":4},"end":{"line":66,"column":25}},"29":{"start":{"line":68,"column":4},"end":{"line":68,"column":58}},"30":{"start":{"line":69,"column":4},"end":{"line":69,"column":67}},"31":{"start":{"line":76,"column":24},"end":{"line":103,"column":1}},"32":{"start":{"line":77,"column":63},"end":{"line":77,"column":71}},"33":{"start":{"line":79,"column":2},"end":{"line":102,"column":3}},"34":{"start":{"line":80,"column":22},"end":{"line":80,"column":61}},"35":{"start":{"line":82,"column":4},"end":{"line":84,"column":5}},"36":{"start":{"line":83,"column":6},"end":{"line":83,"column":70}},"37":{"start":{"line":87,"column":4},"end":{"line":89,"column":5}},"38":{"start":{"line":88,"column":6},"end":{"line":88,"column":70}},"39":{"start":{"line":91,"column":4},"end":{"line":91,"column":42}},"40":{"start":{"line":91,"column":16},"end":{"line":91,"column":42}},"41":{"start":{"line":92,"column":4},"end":{"line":92,"column":48}},"42":{"start":{"line":92,"column":18},"end":{"line":92,"column":48}},"43":{"start":{"line":93,"column":4},"end":{"line":93,"column":54}},"44":{"start":{"line":93,"column":20},"end":{"line":93,"column":54}},"45":{"start":{"line":94,"column":4},"end":{"line":94,"column":39}},"46":{"start":{"line":94,"column":15},"end":{"line":94,"column":39}},"47":{"start":{"line":95,"column":4},"end":{"line":95,"column":57}},"48":{"start":{"line":95,"column":21},"end":{"line":95,"column":57}},"49":{"start":{"line":97,"column":29},"end":{"line":97,"column":51}},"50":{"start":{"line":98,"column":4},"end":{"line":98,"column":31}},"51":{"start":{"line":100,"column":4},"end":{"line":100,"column":60}},"52":{"start":{"line":101,"column":4},"end":{"line":101,"column":66}},"53":{"start":{"line":108,"column":24},"end":{"line":127,"column":1}},"54":{"start":{"line":109,"column":2},"end":{"line":126,"column":3}},"55":{"start":{"line":110,"column":22},"end":{"line":110,"column":61}},"56":{"start":{"line":112,"column":4},"end":{"line":114,"column":5}},"57":{"start":{"line":113,"column":6},"end":{"line":113,"column":70}},"58":{"start":{"line":117,"column":4},"end":{"line":119,"column":5}},"59":{"start":{"line":118,"column":6},"end":{"line":118,"column":70}},"60":{"start":{"line":121,"column":4},"end":{"line":121,"column":32}},"61":{"start":{"line":122,"column":4},"end":{"line":122,"column":60}},"62":{"start":{"line":124,"column":4},"end":{"line":124,"column":60}},"63":{"start":{"line":125,"column":4},"end":{"line":125,"column":66}},"64":{"start":{"line":129,"column":0},"end":{"line":134,"column":2}}},"fnMap":{"0":{"name":"(anonymous_0)","decl":{"start":{"line":6,"column":27},"end":{"line":6,"column":28}},"loc":{"start":{"line":6,"column":43},"end":{"line":20,"column":1}},"line":6},"1":{"name":"(anonymous_1)","decl":{"start":{"line":7,"column":21},"end":{"line":7,"column":22}},"loc":{"start":{"line":7,"column":42},"end":{"line":19,"column":3}},"line":7},"2":{"name":"(anonymous_2)","decl":{"start":{"line":10,"column":6},"end":{"line":10,"column":7}},"loc":{"start":{"line":10,"column":25},"end":{"line":16,"column":7}},"line":10},"3":{"name":"(anonymous_3)","decl":{"start":{"line":25,"column":24},"end":{"line":25,"column":25}},"loc":{"start":{"line":25,"column":44},"end":{"line":58,"column":1}},"line":25},"4":{"name":"(anonymous_4)","decl":{"start":{"line":63,"column":22},"end":{"line":63,"column":23}},"loc":{"start":{"line":63,"column":42},"end":{"line":71,"column":1}},"line":63},"5":{"name":"(anonymous_5)","decl":{"start":{"line":76,"column":24},"end":{"line":76,"column":25}},"loc":{"start":{"line":76,"column":44},"end":{"line":103,"column":1}},"line":76},"6":{"name":"(anonymous_6)","decl":{"start":{"line":108,"column":24},"end":{"line":108,"column":25}},"loc":{"start":{"line":108,"column":44},"end":{"line":127,"column":1}},"line":108}},"branchMap":{"0":{"loc":{"start":{"line":11,"column":8},"end":{"line":14,"column":9}},"type":"if","locations":[{"start":{"line":11,"column":8},"end":{"line":14,"column":9}},{"start":{},"end":{}}],"line":11},"1":{"loc":{"start":{"line":29,"column":2},"end":{"line":31,"column":3}},"type":"if","locations":[{"start":{"line":29,"column":2},"end":{"line":31,"column":3}},{"start":{},"end":{}}],"line":29},"2":{"loc":{"start":{"line":35,"column":4},"end":{"line":37,"column":5}},"type":"if","locations":[{"start":{"line":35,"column":4},"end":{"line":37,"column":5}},{"start":{},"end":{}}],"line":35},"3":{"loc":{"start":{"line":40,"column":69},"end":{"line":40,"column":85}},"type":"binary-expr","locations":[{"start":{"line":40,"column":69},"end":{"line":40,"column":77}},{"start":{"line":40,"column":81},"end":{"line":40,"column":85}}],"line":40},"4":{"loc":{"start":{"line":44,"column":18},"end":{"line":44,"column":66}},"type":"binary-expr","locations":[{"start":{"line":44,"column":18},"end":{"line":44,"column":36}},{"start":{"line":44,"column":40},"end":{"line":44,"column":66}}],"line":44},"5":{"loc":{"start":{"line":45,"column":13},"end":{"line":45,"column":47}},"type":"binary-expr","locations":[{"start":{"line":45,"column":13},"end":{"line":45,"column":26}},{"start":{"line":45,"column":30},"end":{"line":45,"column":47}}],"line":45},"6":{"loc":{"start":{"line":46,"column":19},"end":{"line":46,"column":63}},"type":"binary-expr","locations":[{"start":{"line":46,"column":19},"end":{"line":46,"column":38}},{"start":{"line":46,"column":42},"end":{"line":46,"column":63}}],"line":46},"7":{"loc":{"start":{"line":47,"column":16},"end":{"line":47,"column":44}},"type":"binary-expr","locations":[{"start":{"line":47,"column":16},"end":{"line":47,"column":32}},{"start":{"line":47,"column":36},"end":{"line":47,"column":44}}],"line":47},"8":{"loc":{"start":{"line":48,"column":24},"end":{"line":48,"column":81}},"type":"binary-expr","locations":[{"start":{"line":48,"column":24},"end":{"line":48,"column":48}},{"start":{"line":48,"column":52},"end":{"line":48,"column":81}}],"line":48},"9":{"loc":{"start":{"line":82,"column":4},"end":{"line":84,"column":5}},"type":"if","locations":[{"start":{"line":82,"column":4},"end":{"line":84,"column":5}},{"start":{},"end":{}}],"line":82},"10":{"loc":{"start":{"line":87,"column":4},"end":{"line":89,"column":5}},"type":"if","locations":[{"start":{"line":87,"column":4},"end":{"line":89,"column":5}},{"start":{},"end":{}}],"line":87},"11":{"loc":{"start":{"line":91,"column":4},"end":{"line":91,"column":42}},"type":"if","locations":[{"start":{"line":91,"column":4},"end":{"line":91,"column":42}},{"start":{},"end":{}}],"line":91},"12":{"loc":{"start":{"line":92,"column":4},"end":{"line":92,"column":48}},"type":"if","locations":[{"start":{"line":92,"column":4},"end":{"line":92,"column":48}},{"start":{},"end":{}}],"line":92},"13":{"loc":{"start":{"line":93,"column":4},"end":{"line":93,"column":54}},"type":"if","locations":[{"start":{"line":93,"column":4},"end":{"line":93,"column":54}},{"start":{},"end":{}}],"line":93},"14":{"loc":{"start":{"line":94,"column":4},"end":{"line":94,"column":39}},"type":"if","locations":[{"start":{"line":94,"column":4},"end":{"line":94,"column":39}},{"start":{},"end":{}}],"line":94},"15":{"loc":{"start":{"line":95,"column":4},"end":{"line":95,"column":57}},"type":"if","locations":[{"start":{"line":95,"column":4},"end":{"line":95,"column":57}},{"start":{},"end":{}}],"line":95},"16":{"loc":{"start":{"line":112,"column":4},"end":{"line":114,"column":5}},"type":"if","locations":[{"start":{"line":112,"column":4},"end":{"line":114,"column":5}},{"start":{},"end":{}}],"line":112},"17":{"loc":{"start":{"line":117,"column":4},"end":{"line":119,"column":5}},"type":"if","locations":[{"start":{"line":117,"column":4},"end":{"line":119,"column":5}},{"start":{},"end":{}}],"line":117}},"s":{"0":1,"1":1,"2":1,"3":1,"4":0,"5":0,"6":0,"7":0,"8":0,"9":0,"10":0,"11":1,"12":3,"13":3,"14":3,"15":1,"16":2,"17":2,"18":2,"19":0,"20":2,"21":1,"22":1,"23":1,"24":1,"25":1,"26":0,"27":0,"28":0,"29":0,"30":0,"31":1,"32":0,"33":0,"34":0,"35":0,"36":0,"37":0,"38":0,"39":0,"40":0,"41":0,"42":0,"43":0,"44":0,"45":0,"46":0,"47":0,"48":0,"49":0,"50":0,"51":0,"52":0,"53":1,"54":0,"55":0,"56":0,"57":0,"58":0,"59":0,"60":0,"61":0,"62":0,"63":0,"64":1},"f":{"0":0,"1":0,"2":0,"3":3,"4":0,"5":0,"6":0},"b":{"0":[0,0],"1":[1,2],"2":[0,2],"3":[2,1],"4":[1,0],"5":[1,0],"6":[1,0],"7":[1,0],"8":[1,0],"9":[0,0],"10":[0,0],"11":[0,0],"12":[0,0],"13":[0,0],"14":[0,0],"15":[0,0],"16":[0,0],"17":[0,0]},"_coverageSchema":"1a1c01bbd47fc00a2c39e90264f33305004495a9","hash":"4c5ea69960c8b1179ac8088aef624db917d5a38e"}
,"C:\\Users\\Admin\\Desktop\\proj\\promptwar-devengers\\server\\controllers\\schemeController.js": {"path":"C:\\Users\\Admin\\Desktop\\proj\\promptwar-devengers\\server\\controllers\\schemeController.js","statementMap":{"0":{"start":{"line":1,"column":20},"end":{"line":1,"column":52}},"1":{"start":{"line":2,"column":29},"end":{"line":2,"column":65}},"2":{"start":{"line":7,"column":30},"end":{"line":21,"column":1}},"3":{"start":{"line":8,"column":84},"end":{"line":8,"column":92}},"4":{"start":{"line":9,"column":27},"end":{"line":9,"column":73}},"5":{"start":{"line":11,"column":2},"end":{"line":20,"column":3}},"6":{"start":{"line":12,"column":28},"end":{"line":15,"column":5}},"7":{"start":{"line":16,"column":4},"end":{"line":16,"column":30}},"8":{"start":{"line":18,"column":4},"end":{"line":18,"column":72}},"9":{"start":{"line":19,"column":4},"end":{"line":19,"column":68}},"10":{"start":{"line":26,"column":19},"end":{"line":55,"column":1}},"11":{"start":{"line":27,"column":74},"end":{"line":27,"column":82}},"12":{"start":{"line":28,"column":17},"end":{"line":28,"column":29}},"13":{"start":{"line":30,"column":2},"end":{"line":32,"column":3}},"14":{"start":{"line":31,"column":4},"end":{"line":31,"column":73}},"15":{"start":{"line":34,"column":2},"end":{"line":54,"column":3}},"16":{"start":{"line":36,"column":19},"end":{"line":36,"column":69}},"17":{"start":{"line":37,"column":4},"end":{"line":39,"column":5}},"18":{"start":{"line":38,"column":6},"end":{"line":38,"column":74}},"19":{"start":{"line":41,"column":18},"end":{"line":48,"column":6}},"20":{"start":{"line":50,"column":4},"end":{"line":50,"column":32}},"21":{"start":{"line":52,"column":4},"end":{"line":52,"column":66}},"22":{"start":{"line":53,"column":4},"end":{"line":53,"column":61}},"23":{"start":{"line":60,"column":24},"end":{"line":68,"column":1}},"24":{"start":{"line":61,"column":2},"end":{"line":67,"column":3}},"25":{"start":{"line":62,"column":18},"end":{"line":62,"column":88}},"26":{"start":{"line":63,"column":4},"end":{"line":63,"column":20}},"27":{"start":{"line":65,"column":4},"end":{"line":65,"column":72}},"28":{"start":{"line":66,"column":4},"end":{"line":66,"column":70}},"29":{"start":{"line":73,"column":21},"end":{"line":92,"column":1}},"30":{"start":{"line":74,"column":2},"end":{"line":91,"column":3}},"31":{"start":{"line":75,"column":19},"end":{"line":75,"column":60}},"32":{"start":{"line":77,"column":4},"end":{"line":79,"column":5}},"33":{"start":{"line":78,"column":6},"end":{"line":78,"column":73}},"34":{"start":{"line":82,"column":4},"end":{"line":84,"column":5}},"35":{"start":{"line":83,"column":6},"end":{"line":83,"column":70}},"36":{"start":{"line":86,"column":4},"end":{"line":86,"column":29}},"37":{"start":{"line":87,"column":4},"end":{"line":87,"column":60}},"38":{"start":{"line":89,"column":4},"end":{"line":89,"column":68}},"39":{"start":{"line":90,"column":4},"end":{"line":90,"column":69}},"40":{"start":{"line":94,"column":0},"end":{"line":99,"column":2}}},"fnMap":{"0":{"name":"(anonymous_0)","decl":{"start":{"line":7,"column":30},"end":{"line":7,"column":31}},"loc":{"start":{"line":7,"column":50},"end":{"line":21,"column":1}},"line":7},"1":{"name":"(anonymous_1)","decl":{"start":{"line":26,"column":19},"end":{"line":26,"column":20}},"loc":{"start":{"line":26,"column":39},"end":{"line":55,"column":1}},"line":26},"2":{"name":"(anonymous_2)","decl":{"start":{"line":60,"column":24},"end":{"line":60,"column":25}},"loc":{"start":{"line":60,"column":44},"end":{"line":68,"column":1}},"line":60},"3":{"name":"(anonymous_3)","decl":{"start":{"line":73,"column":21},"end":{"line":73,"column":22}},"loc":{"start":{"line":73,"column":41},"end":{"line":92,"column":1}},"line":73}},"branchMap":{"0":{"loc":{"start":{"line":9,"column":27},"end":{"line":9,"column":73}},"type":"binary-expr","locations":[{"start":{"line":9,"column":27},"end":{"line":9,"column":35}},{"start":{"line":9,"column":39},"end":{"line":9,"column":65}},{"start":{"line":9,"column":69},"end":{"line":9,"column":73}}],"line":9},"1":{"loc":{"start":{"line":30,"column":2},"end":{"line":32,"column":3}},"type":"if","locations":[{"start":{"line":30,"column":2},"end":{"line":32,"column":3}},{"start":{},"end":{}}],"line":30},"2":{"loc":{"start":{"line":37,"column":4},"end":{"line":39,"column":5}},"type":"if","locations":[{"start":{"line":37,"column":4},"end":{"line":39,"column":5}},{"start":{},"end":{}}],"line":37},"3":{"loc":{"start":{"line":47,"column":18},"end":{"line":47,"column":34}},"type":"binary-expr","locations":[{"start":{"line":47,"column":18},"end":{"line":47,"column":28}},{"start":{"line":47,"column":32},"end":{"line":47,"column":34}}],"line":47},"4":{"loc":{"start":{"line":77,"column":4},"end":{"line":79,"column":5}},"type":"if","locations":[{"start":{"line":77,"column":4},"end":{"line":79,"column":5}},{"start":{},"end":{}}],"line":77},"5":{"loc":{"start":{"line":82,"column":4},"end":{"line":84,"column":5}},"type":"if","locations":[{"start":{"line":82,"column":4},"end":{"line":84,"column":5}},{"start":{},"end":{}}],"line":82}},"s":{"0":1,"1":1,"2":1,"3":2,"4":2,"5":2,"6":2,"7":1,"8":1,"9":1,"10":1,"11":0,"12":0,"13":0,"14":0,"15":0,"16":0,"17":0,"18":0,"19":0,"20":0,"21":0,"22":0,"23":1,"24":0,"25":0,"26":0,"27":0,"28":0,"29":1,"30":0,"31":0,"32":0,"33":0,"34":0,"35":0,"36":0,"37":0,"38":0,"39":0,"40":1},"f":{"0":2,"1":0,"2":0,"3":0},"b":{"0":[2,1,0],"1":[0,0],"2":[0,0],"3":[0,0],"4":[0,0],"5":[0,0]},"_coverageSchema":"1a1c01bbd47fc00a2c39e90264f33305004495a9","hash":"59cae4f562b3f2c3a2e907b5c2da972764bac340"}
,"C:\\Users\\Admin\\Desktop\\proj\\promptwar-devengers\\server\\models\\Chat.js": {"path":"C:\\Users\\Admin\\Desktop\\proj\\promptwar-devengers\\server\\models\\Chat.js","statementMap":{"0":{"start":{"line":1,"column":17},"end":{"line":1,"column":36}},"1":{"start":{"line":3,"column":19},"end":{"line":33,"column":2}},"2":{"start":{"line":35,"column":0},"end":{"line":35,"column":52}}},"fnMap":{},"branchMap":{},"s":{"0":1,"1":1,"2":1},"f":{},"b":{},"_coverageSchema":"1a1c01bbd47fc00a2c39e90264f33305004495a9","hash":"bfed9fb703cf66836d73464e39bbac1ac24f28a5"}
,"C:\\Users\\Admin\\Desktop\\proj\\promptwar-devengers\\server\\models\\Complaint.js": {"path":"C:\\Users\\Admin\\Desktop\\proj\\promptwar-devengers\\server\\models\\Complaint.js","statementMap":{"0":{"start":{"line":1,"column":17},"end":{"line":1,"column":36}},"1":{"start":{"line":3,"column":24},"end":{"line":41,"column":2}},"2":{"start":{"line":43,"column":0},"end":{"line":43,"column":62}}},"fnMap":{},"branchMap":{},"s":{"0":1,"1":1,"2":1},"f":{},"b":{},"_coverageSchema":"1a1c01bbd47fc00a2c39e90264f33305004495a9","hash":"ff7f8543aa6bf7aa1402a70ae337d972fc906648"}
,"C:\\Users\\Admin\\Desktop\\proj\\promptwar-devengers\\server\\models\\SavedScheme.js": {"path":"C:\\Users\\Admin\\Desktop\\proj\\promptwar-devengers\\server\\models\\SavedScheme.js","statementMap":{"0":{"start":{"line":1,"column":17},"end":{"line":1,"column":36}},"1":{"start":{"line":3,"column":26},"end":{"line":30,"column":2}},"2":{"start":{"line":32,"column":0},"end":{"line":32,"column":66}}},"fnMap":{},"branchMap":{},"s":{"0":1,"1":1,"2":1},"f":{},"b":{},"_coverageSchema":"1a1c01bbd47fc00a2c39e90264f33305004495a9","hash":"e990bc39c514b9009f0dea14e8dc041c25cf8a3b"}
,"C:\\Users\\Admin\\Desktop\\proj\\promptwar-devengers\\server\\services\\geminiService.js": {"path":"C:\\Users\\Admin\\Desktop\\proj\\promptwar-devengers\\server\\services\\geminiService.js","statementMap":{"0":{"start":{"line":1,"column":31},"end":{"line":1,"column":63}},"1":{"start":{"line":4,"column":12},"end":{"line":4,"column":16}},"2":{"start":{"line":5,"column":0},"end":{"line":11,"column":1}},"3":{"start":{"line":6,"column":2},"end":{"line":10,"column":3}},"4":{"start":{"line":7,"column":4},"end":{"line":7,"column":63}},"5":{"start":{"line":9,"column":4},"end":{"line":9,"column":70}},"6":{"start":{"line":14,"column":22},"end":{"line":112,"column":1}},"7":{"start":{"line":117,"column":24},"end":{"line":157,"column":1}},"8":{"start":{"line":118,"column":2},"end":{"line":121,"column":3}},"9":{"start":{"line":119,"column":4},"end":{"line":119,"column":67}},"10":{"start":{"line":120,"column":4},"end":{"line":120,"column":69}},"11":{"start":{"line":123,"column":2},"end":{"line":156,"column":3}},"12":{"start":{"line":124,"column":18},"end":{"line":127,"column":6}},"13":{"start":{"line":129,"column":21},"end":{"line":129,"column":92}},"14":{"start":{"line":131,"column":25},"end":{"line":141,"column":118}},"15":{"start":{"line":143,"column":19},"end":{"line":148,"column":6}},"16":{"start":{"line":150,"column":17},"end":{"line":150,"column":39}},"17":{"start":{"line":151,"column":24},"end":{"line":151,"column":80}},"18":{"start":{"line":152,"column":4},"end":{"line":152,"column":35}},"19":{"start":{"line":154,"column":4},"end":{"line":154,"column":55}},"20":{"start":{"line":155,"column":4},"end":{"line":155,"column":69}},"21":{"start":{"line":162,"column":29},"end":{"line":205,"column":1}},"22":{"start":{"line":163,"column":2},"end":{"line":168,"column":3}},"23":{"start":{"line":164,"column":4},"end":{"line":164,"column":67}},"24":{"start":{"line":165,"column":19},"end":{"line":165,"column":95}},"25":{"start":{"line":166,"column":4},"end":{"line":166,"column":51}},"26":{"start":{"line":167,"column":4},"end":{"line":167,"column":18}},"27":{"start":{"line":170,"column":2},"end":{"line":204,"column":3}},"28":{"start":{"line":171,"column":18},"end":{"line":174,"column":6}},"29":{"start":{"line":176,"column":21},"end":{"line":176,"column":92}},"30":{"start":{"line":178,"column":25},"end":{"line":189,"column":105}},"31":{"start":{"line":191,"column":19},"end":{"line":194,"column":6}},"32":{"start":{"line":196,"column":17},"end":{"line":196,"column":39}},"33":{"start":{"line":197,"column":24},"end":{"line":197,"column":80}},"34":{"start":{"line":198,"column":4},"end":{"line":198,"column":35}},"35":{"start":{"line":200,"column":4},"end":{"line":200,"column":60}},"36":{"start":{"line":201,"column":19},"end":{"line":201,"column":95}},"37":{"start":{"line":202,"column":4},"end":{"line":202,"column":51}},"38":{"start":{"line":203,"column":4},"end":{"line":203,"column":18}},"39":{"start":{"line":210,"column":28},"end":{"line":251,"column":1}},"40":{"start":{"line":211,"column":2},"end":{"line":218,"column":3}},"41":{"start":{"line":212,"column":4},"end":{"line":212,"column":67}},"42":{"start":{"line":213,"column":21},"end":{"line":213,"column":88}},"43":{"start":{"line":214,"column":4},"end":{"line":217,"column":6}},"44":{"start":{"line":220,"column":2},"end":{"line":250,"column":3}},"45":{"start":{"line":221,"column":18},"end":{"line":224,"column":6}},"46":{"start":{"line":226,"column":25},"end":{"line":234,"column":49}},"47":{"start":{"line":236,"column":19},"end":{"line":239,"column":6}},"48":{"start":{"line":241,"column":17},"end":{"line":241,"column":39}},"49":{"start":{"line":242,"column":4},"end":{"line":242,"column":28}},"50":{"start":{"line":244,"column":4},"end":{"line":244,"column":60}},"51":{"start":{"line":245,"column":21},"end":{"line":245,"column":88}},"52":{"start":{"line":246,"column":4},"end":{"line":249,"column":6}},"53":{"start":{"line":256,"column":25},"end":{"line":302,"column":1}},"54":{"start":{"line":257,"column":2},"end":{"line":260,"column":3}},"55":{"start":{"line":258,"column":4},"end":{"line":258,"column":67}},"56":{"start":{"line":259,"column":4},"end":{"line":259,"column":75}},"57":{"start":{"line":262,"column":2},"end":{"line":301,"column":3}},"58":{"start":{"line":263,"column":18},"end":{"line":266,"column":6}},"59":{"start":{"line":268,"column":21},"end":{"line":268,"column":92}},"60":{"start":{"line":270,"column":25},"end":{"line":289,"column":90}},"61":{"start":{"line":291,"column":19},"end":{"line":294,"column":6}},"62":{"start":{"line":296,"column":17},"end":{"line":296,"column":39}},"63":{"start":{"line":297,"column":4},"end":{"line":297,"column":28}},"64":{"start":{"line":299,"column":4},"end":{"line":299,"column":58}},"65":{"start":{"line":300,"column":4},"end":{"line":300,"column":75}},"66":{"start":{"line":304,"column":0},"end":{"line":309,"column":2}}},"fnMap":{"0":{"name":"(anonymous_0)","decl":{"start":{"line":117,"column":24},"end":{"line":117,"column":25}},"loc":{"start":{"line":117,"column":59},"end":{"line":157,"column":1}},"line":117},"1":{"name":"(anonymous_1)","decl":{"start":{"line":162,"column":29},"end":{"line":162,"column":30}},"loc":{"start":{"line":162,"column":69},"end":{"line":205,"column":1}},"line":162},"2":{"name":"(anonymous_2)","decl":{"start":{"line":210,"column":28},"end":{"line":210,"column":29}},"loc":{"start":{"line":210,"column":78},"end":{"line":251,"column":1}},"line":210},"3":{"name":"(anonymous_3)","decl":{"start":{"line":256,"column":25},"end":{"line":256,"column":26}},"loc":{"start":{"line":256,"column":61},"end":{"line":302,"column":1}},"line":256}},"branchMap":{"0":{"loc":{"start":{"line":5,"column":0},"end":{"line":11,"column":1}},"type":"if","locations":[{"start":{"line":5,"column":0},"end":{"line":11,"column":1}},{"start":{},"end":{}}],"line":5},"1":{"loc":{"start":{"line":117,"column":39},"end":{"line":117,"column":54}},"type":"default-arg","locations":[{"start":{"line":117,"column":50},"end":{"line":117,"column":54}}],"line":117},"2":{"loc":{"start":{"line":118,"column":2},"end":{"line":121,"column":3}},"type":"if","locations":[{"start":{"line":118,"column":2},"end":{"line":121,"column":3}},{"start":{},"end":{}}],"line":118},"3":{"loc":{"start":{"line":120,"column":11},"end":{"line":120,"column":68}},"type":"binary-expr","locations":[{"start":{"line":120,"column":11},"end":{"line":120,"column":40}},{"start":{"line":120,"column":44},"end":{"line":120,"column":68}}],"line":120},"4":{"loc":{"start":{"line":129,"column":21},"end":{"line":129,"column":92}},"type":"cond-expr","locations":[{"start":{"line":129,"column":41},"end":{"line":129,"column":48}},{"start":{"line":129,"column":51},"end":{"line":129,"column":92}}],"line":129},"5":{"loc":{"start":{"line":129,"column":51},"end":{"line":129,"column":92}},"type":"cond-expr","locations":[{"start":{"line":129,"column":71},"end":{"line":129,"column":80}},{"start":{"line":129,"column":83},"end":{"line":129,"column":92}}],"line":129},"6":{"loc":{"start":{"line":155,"column":11},"end":{"line":155,"column":68}},"type":"binary-expr","locations":[{"start":{"line":155,"column":11},"end":{"line":155,"column":40}},{"start":{"line":155,"column":44},"end":{"line":155,"column":68}}],"line":155},"7":{"loc":{"start":{"line":162,"column":49},"end":{"line":162,"column":64}},"type":"default-arg","locations":[{"start":{"line":162,"column":60},"end":{"line":162,"column":64}}],"line":162},"8":{"loc":{"start":{"line":163,"column":2},"end":{"line":168,"column":3}},"type":"if","locations":[{"start":{"line":163,"column":2},"end":{"line":168,"column":3}},{"start":{},"end":{}}],"line":163},"9":{"loc":{"start":{"line":165,"column":25},"end":{"line":165,"column":92}},"type":"binary-expr","locations":[{"start":{"line":165,"column":25},"end":{"line":165,"column":59}},{"start":{"line":165,"column":63},"end":{"line":165,"column":92}}],"line":165},"10":{"loc":{"start":{"line":166,"column":21},"end":{"line":166,"column":50}},"type":"binary-expr","locations":[{"start":{"line":166,"column":21},"end":{"line":166,"column":32}},{"start":{"line":166,"column":36},"end":{"line":166,"column":50}}],"line":166},"11":{"loc":{"start":{"line":176,"column":21},"end":{"line":176,"column":92}},"type":"cond-expr","locations":[{"start":{"line":176,"column":41},"end":{"line":176,"column":48}},{"start":{"line":176,"column":51},"end":{"line":176,"column":92}}],"line":176},"12":{"loc":{"start":{"line":176,"column":51},"end":{"line":176,"column":92}},"type":"cond-expr","locations":[{"start":{"line":176,"column":71},"end":{"line":176,"column":80}},{"start":{"line":176,"column":83},"end":{"line":176,"column":92}}],"line":176},"13":{"loc":{"start":{"line":201,"column":25},"end":{"line":201,"column":92}},"type":"binary-expr","locations":[{"start":{"line":201,"column":25},"end":{"line":201,"column":59}},{"start":{"line":201,"column":63},"end":{"line":201,"column":92}}],"line":201},"14":{"loc":{"start":{"line":202,"column":21},"end":{"line":202,"column":50}},"type":"binary-expr","locations":[{"start":{"line":202,"column":21},"end":{"line":202,"column":32}},{"start":{"line":202,"column":36},"end":{"line":202,"column":50}}],"line":202},"15":{"loc":{"start":{"line":210,"column":58},"end":{"line":210,"column":73}},"type":"default-arg","locations":[{"start":{"line":210,"column":69},"end":{"line":210,"column":73}}],"line":210},"16":{"loc":{"start":{"line":211,"column":2},"end":{"line":218,"column":3}},"type":"if","locations":[{"start":{"line":211,"column":2},"end":{"line":218,"column":3}},{"start":{},"end":{}}],"line":211},"17":{"loc":{"start":{"line":213,"column":21},"end":{"line":213,"column":88}},"type":"binary-expr","locations":[{"start":{"line":213,"column":21},"end":{"line":213,"column":55}},{"start":{"line":213,"column":59},"end":{"line":213,"column":88}}],"line":213},"18":{"loc":{"start":{"line":245,"column":21},"end":{"line":245,"column":88}},"type":"binary-expr","locations":[{"start":{"line":245,"column":21},"end":{"line":245,"column":55}},{"start":{"line":245,"column":59},"end":{"line":245,"column":88}}],"line":245},"19":{"loc":{"start":{"line":256,"column":41},"end":{"line":256,"column":56}},"type":"default-arg","locations":[{"start":{"line":256,"column":52},"end":{"line":256,"column":56}}],"line":256},"20":{"loc":{"start":{"line":257,"column":2},"end":{"line":260,"column":3}},"type":"if","locations":[{"start":{"line":257,"column":2},"end":{"line":260,"column":3}},{"start":{},"end":{}}],"line":257},"21":{"loc":{"start":{"line":259,"column":11},"end":{"line":259,"column":74}},"type":"binary-expr","locations":[{"start":{"line":259,"column":11},"end":{"line":259,"column":43}},{"start":{"line":259,"column":47},"end":{"line":259,"column":74}}],"line":259},"22":{"loc":{"start":{"line":268,"column":21},"end":{"line":268,"column":92}},"type":"cond-expr","locations":[{"start":{"line":268,"column":41},"end":{"line":268,"column":48}},{"start":{"line":268,"column":51},"end":{"line":268,"column":92}}],"line":268},"23":{"loc":{"start":{"line":268,"column":51},"end":{"line":268,"column":92}},"type":"cond-expr","locations":[{"start":{"line":268,"column":71},"end":{"line":268,"column":80}},{"start":{"line":268,"column":83},"end":{"line":268,"column":92}}],"line":268},"24":{"loc":{"start":{"line":277,"column":13},"end":{"line":277,"column":43}},"type":"binary-expr","locations":[{"start":{"line":277,"column":13},"end":{"line":277,"column":24}},{"start":{"line":277,"column":28},"end":{"line":277,"column":43}}],"line":277},"25":{"loc":{"start":{"line":278,"column":20},"end":{"line":278,"column":57}},"type":"binary-expr","locations":[{"start":{"line":278,"column":20},"end":{"line":278,"column":38}},{"start":{"line":278,"column":42},"end":{"line":278,"column":57}}],"line":278},"26":{"loc":{"start":{"line":279,"column":23},"end":{"line":279,"column":61}},"type":"binary-expr","locations":[{"start":{"line":279,"column":23},"end":{"line":279,"column":42}},{"start":{"line":279,"column":46},"end":{"line":279,"column":61}}],"line":279},"27":{"loc":{"start":{"line":280,"column":17},"end":{"line":280,"column":49}},"type":"cond-expr","locations":[{"start":{"line":280,"column":37},"end":{"line":280,"column":42}},{"start":{"line":280,"column":45},"end":{"line":280,"column":49}}],"line":280},"28":{"loc":{"start":{"line":281,"column":24},"end":{"line":281,"column":55}},"type":"cond-expr","locations":[{"start":{"line":281,"column":43},"end":{"line":281,"column":48}},{"start":{"line":281,"column":51},"end":{"line":281,"column":55}}],"line":281},"29":{"loc":{"start":{"line":282,"column":24},"end":{"line":282,"column":51}},"type":"binary-expr","locations":[{"start":{"line":282,"column":24},"end":{"line":282,"column":40}},{"start":{"line":282,"column":44},"end":{"line":282,"column":51}}],"line":282},"30":{"loc":{"start":{"line":300,"column":11},"end":{"line":300,"column":74}},"type":"binary-expr","locations":[{"start":{"line":300,"column":11},"end":{"line":300,"column":43}},{"start":{"line":300,"column":47},"end":{"line":300,"column":74}}],"line":300}},"s":{"0":3,"1":3,"2":3,"3":0,"4":0,"5":0,"6":3,"7":3,"8":0,"9":0,"10":0,"11":0,"12":0,"13":0,"14":0,"15":0,"16":0,"17":0,"18":0,"19":0,"20":0,"21":3,"22":0,"23":0,"24":0,"25":0,"26":0,"27":0,"28":0,"29":0,"30":0,"31":0,"32":0,"33":0,"34":0,"35":0,"36":0,"37":0,"38":0,"39":3,"40":0,"41":0,"42":0,"43":0,"44":0,"45":0,"46":0,"47":0,"48":0,"49":0,"50":0,"51":0,"52":0,"53":3,"54":0,"55":0,"56":0,"57":0,"58":0,"59":0,"60":0,"61":0,"62":0,"63":0,"64":0,"65":0,"66":3},"f":{"0":0,"1":0,"2":0,"3":0},"b":{"0":[0,3],"1":[0],"2":[0,0],"3":[0,0],"4":[0,0],"5":[0,0],"6":[0,0],"7":[0],"8":[0,0],"9":[0,0],"10":[0,0],"11":[0,0],"12":[0,0],"13":[0,0],"14":[0,0],"15":[0],"16":[0,0],"17":[0,0],"18":[0,0],"19":[0],"20":[0,0],"21":[0,0],"22":[0,0],"23":[0,0],"24":[0,0],"25":[0,0],"26":[0,0],"27":[0,0],"28":[0,0],"29":[0,0],"30":[0,0]},"_coverageSchema":"1a1c01bbd47fc00a2c39e90264f33305004495a9","hash":"7f08288961707869f0a568b2791092adefa0bc3b"}
}
