TN:
SF:controllers\chatController.js
FN:7,(anonymous_0)
FN:39,(anonymous_1)
FN:52,(anonymous_2)
FN:72,(anonymous_3)
FNF:4
FNH:2
FNDA:3,(anonymous_0)
FNDA:0,(anonymous_1)
FNDA:2,(anonymous_2)
FNDA:0,(anonymous_3)
DA:1,1
DA:2,1
DA:7,1
DA:8,3
DA:9,3
DA:11,3
DA:12,1
DA:15,2
DA:17,2
DA:18,2
DA:20,1
DA:29,1
DA:31,1
DA:32,1
DA:39,1
DA:40,0
DA:41,0
DA:42,0
DA:44,0
DA:45,0
DA:52,1
DA:53,2
DA:54,2
DA:56,2
DA:57,1
DA:60,1
DA:61,1
DA:62,1
DA:64,0
DA:65,0
DA:72,1
DA:73,0
DA:74,0
DA:75,0
DA:76,0
DA:78,0
DA:79,0
DA:81,0
DA:82,0
DA:86,1
LF:40
LH:25
BRDA:11,0,0,1
BRDA:11,0,1,2
BRDA:15,1,0,2
BRDA:15,1,1,2
BRDA:15,1,2,0
BRDA:54,2,0,2
BRDA:54,2,1,2
BRDA:54,2,2,0
BRDA:56,3,0,1
BRDA:56,3,1,1
BRDA:75,4,0,0
BRDA:75,4,1,0
BRF:12
BRH:8
end_of_record
TN:
SF:controllers\complaintController.js
FN:6,(anonymous_0)
FN:7,(anonymous_1)
FN:10,(anonymous_2)
FN:25,(anonymous_3)
FN:63,(anonymous_4)
FN:76,(anonymous_5)
FN:108,(anonymous_6)
FNF:7
FNH:1
FNDA:0,(anonymous_0)
FNDA:0,(anonymous_1)
FNDA:0,(anonymous_2)
FNDA:3,(anonymous_3)
FNDA:0,(anonymous_4)
FNDA:0,(anonymous_5)
FNDA:0,(anonymous_6)
DA:1,1
DA:2,1
DA:3,1
DA:6,1
DA:7,0
DA:8,0
DA:11,0
DA:12,0
DA:13,0
DA:15,0
DA:18,0
DA:25,1
DA:26,3
DA:27,3
DA:29,3
DA:30,1
DA:33,2
DA:34,2
DA:35,2
DA:36,0
DA:40,2
DA:42,1
DA:53,1
DA:55,1
DA:56,1
DA:63,1
DA:64,0
DA:65,0
DA:66,0
DA:68,0
DA:69,0
DA:76,1
DA:77,0
DA:79,0
DA:80,0
DA:82,0
DA:83,0
DA:87,0
DA:88,0
DA:91,0
DA:92,0
DA:93,0
DA:94,0
DA:95,0
DA:97,0
DA:98,0
DA:100,0
DA:101,0
DA:108,1
DA:109,0
DA:110,0
DA:112,0
DA:113,0
DA:117,0
DA:118,0
DA:121,0
DA:122,0
DA:124,0
DA:125,0
DA:129,1
LF:60
LH:21
BRDA:11,0,0,0
BRDA:11,0,1,0
BRDA:29,1,0,1
BRDA:29,1,1,2
BRDA:35,2,0,0
BRDA:35,2,1,2
BRDA:40,3,0,2
BRDA:40,3,1,1
BRDA:44,4,0,1
BRDA:44,4,1,0
BRDA:45,5,0,1
BRDA:45,5,1,0
BRDA:46,6,0,1
BRDA:46,6,1,0
BRDA:47,7,0,1
BRDA:47,7,1,0
BRDA:48,8,0,1
BRDA:48,8,1,0
BRDA:82,9,0,0
BRDA:82,9,1,0
BRDA:87,10,0,0
BRDA:87,10,1,0
BRDA:91,11,0,0
BRDA:91,11,1,0
BRDA:92,12,0,0
BRDA:92,12,1,0
BRDA:93,13,0,0
BRDA:93,13,1,0
BRDA:94,14,0,0
BRDA:94,14,1,0
BRDA:95,15,0,0
BRDA:95,15,1,0
BRDA:112,16,0,0
BRDA:112,16,1,0
BRDA:117,17,0,0
BRDA:117,17,1,0
BRF:36
BRH:10
end_of_record
TN:
SF:controllers\schemeController.js
FN:7,(anonymous_0)
FN:26,(anonymous_1)
FN:60,(anonymous_2)
FN:73,(anonymous_3)
FNF:4
FNH:1
FNDA:2,(anonymous_0)
FNDA:0,(anonymous_1)
FNDA:0,(anonymous_2)
FNDA:0,(anonymous_3)
DA:1,1
DA:2,1
DA:7,1
DA:8,2
DA:9,2
DA:11,2
DA:12,2
DA:16,1
DA:18,1
DA:19,1
DA:26,1
DA:27,0
DA:28,0
DA:30,0
DA:31,0
DA:34,0
DA:36,0
DA:37,0
DA:38,0
DA:41,0
DA:50,0
DA:52,0
DA:53,0
DA:60,1
DA:61,0
DA:62,0
DA:63,0
DA:65,0
DA:66,0
DA:73,1
DA:74,0
DA:75,0
DA:77,0
DA:78,0
DA:82,0
DA:83,0
DA:86,0
DA:87,0
DA:89,0
DA:90,0
DA:94,1
LF:41
LH:14
BRDA:9,0,0,2
BRDA:9,0,1,1
BRDA:9,0,2,0
BRDA:30,1,0,0
BRDA:30,1,1,0
BRDA:37,2,0,0
BRDA:37,2,1,0
BRDA:47,3,0,0
BRDA:47,3,1,0
BRDA:77,4,0,0
BRDA:77,4,1,0
BRDA:82,5,0,0
BRDA:82,5,1,0
BRF:13
BRH:2
end_of_record
TN:
SF:models\Chat.js
FNF:0
FNH:0
DA:1,1
DA:3,1
DA:35,1
LF:3
LH:3
BRF:0
BRH:0
end_of_record
TN:
SF:models\Complaint.js
FNF:0
FNH:0
DA:1,1
DA:3,1
DA:43,1
LF:3
LH:3
BRF:0
BRH:0
end_of_record
TN:
SF:models\SavedScheme.js
FNF:0
FNH:0
DA:1,1
DA:3,1
DA:32,1
LF:3
LH:3
BRF:0
BRH:0
end_of_record
TN:
SF:services\geminiService.js
FN:117,(anonymous_0)
FN:162,(anonymous_1)
FN:210,(anonymous_2)
FN:256,(anonymous_3)
FNF:4
FNH:0
FNDA:0,(anonymous_0)
FNDA:0,(anonymous_1)
FNDA:0,(anonymous_2)
FNDA:0,(anonymous_3)
DA:1,3
DA:4,3
DA:5,3
DA:6,0
DA:7,0
DA:9,0
DA:14,3
DA:117,3
DA:118,0
DA:119,0
DA:120,0
DA:123,0
DA:124,0
DA:129,0
DA:131,0
DA:143,0
DA:150,0
DA:151,0
DA:152,0
DA:154,0
DA:155,0
DA:162,3
DA:163,0
DA:164,0
DA:165,0
DA:166,0
DA:167,0
DA:170,0
DA:171,0
DA:176,0
DA:178,0
DA:191,0
DA:196,0
DA:197,0
DA:198,0
DA:200,0
DA:201,0
DA:202,0
DA:203,0
DA:210,3
DA:211,0
DA:212,0
DA:213,0
DA:214,0
DA:220,0
DA:221,0
DA:226,0
DA:236,0
DA:241,0
DA:242,0
DA:244,0
DA:245,0
DA:246,0
DA:256,3
DA:257,0
DA:258,0
DA:259,0
DA:262,0
DA:263,0
DA:268,0
DA:270,0
DA:291,0
DA:296,0
DA:297,0
DA:299,0
DA:300,0
DA:304,3
LF:67
LH:9
BRDA:5,0,0,0
BRDA:5,0,1,3
BRDA:117,1,0,0
BRDA:118,2,0,0
BRDA:118,2,1,0
BRDA:120,3,0,0
BRDA:120,3,1,0
BRDA:129,4,0,0
BRDA:129,4,1,0
BRDA:129,5,0,0
BRDA:129,5,1,0
BRDA:155,6,0,0
BRDA:155,6,1,0
BRDA:162,7,0,0
BRDA:163,8,0,0
BRDA:163,8,1,0
BRDA:165,9,0,0
BRDA:165,9,1,0
BRDA:166,10,0,0
BRDA:166,10,1,0
BRDA:176,11,0,0
BRDA:176,11,1,0
BRDA:176,12,0,0
BRDA:176,12,1,0
BRDA:201,13,0,0
BRDA:201,13,1,0
BRDA:202,14,0,0
BRDA:202,14,1,0
BRDA:210,15,0,0
BRDA:211,16,0,0
BRDA:211,16,1,0
BRDA:213,17,0,0
BRDA:213,17,1,0
BRDA:245,18,0,0
BRDA:245,18,1,0
BRDA:256,19,0,0
BRDA:257,20,0,0
BRDA:257,20,1,0
BRDA:259,21,0,0
BRDA:259,21,1,0
BRDA:268,22,0,0
BRDA:268,22,1,0
BRDA:268,23,0,0
BRDA:268,23,1,0
BRDA:277,24,0,0
BRDA:277,24,1,0
BRDA:278,25,0,0
BRDA:278,25,1,0
BRDA:279,26,0,0
BRDA:279,26,1,0
BRDA:280,27,0,0
BRDA:280,27,1,0
BRDA:281,28,0,0
BRDA:281,28,1,0
BRDA:282,29,0,0
BRDA:282,29,1,0
BRDA:300,30,0,0
BRDA:300,30,1,0
BRF:58
BRH:1
end_of_record
